This is pdfTeX, Version 3.1415926-2.5-1.40.14 (MiKTeX 2.9 64-bit) (preloaded format=pdflatex 2014.12.30)  11 DEC 2015 17:06
entering extended mode
**Main.tex
(C:\Users\Natawut\Documents\uic\MachineLearning\Project\Final\Main.tex
LaTeX2e <2011/06/27>
Babel <v3.8m> and hyphenation patterns for english, afrikaans, ancientgreek, ar
abic, armenian, assamese, basque, bengali, bokmal, bulgarian, catalan, coptic, 
croatian, czech, danish, dutch, esperanto, estonian, farsi, finnish, french, ga
lician, german, german-x-2013-05-26, greek, gujarati, hindi, hungarian, iceland
ic, indonesian, interlingua, irish, italian, kannada, kurmanji, latin, latvian,
 lithuanian, malayalam, marathi, mongolian, mongolianlmc, monogreek, ngerman, n
german-x-2013-05-26, nynorsk, oriya, panjabi, pinyin, polish, portuguese, roman
ian, russian, sanskrit, serbian, slovak, slovenian, spanish, swedish, swissgerm
an, tamil, telugu, turkish, turkmen, ukenglish, ukrainian, uppersorbian, usengl
ishmax, welsh, loaded.
("C:\Program Files\MiKTeX 2.9\tex\latex\base\article.cls"
Document Class: article 2007/10/19 v1.4h Standard LaTeX document class
("C:\Program Files\MiKTeX 2.9\tex\latex\base\size10.clo"
File: size10.clo 2007/10/19 v1.4h Standard LaTeX file (size option)
)
\c@part=\count79
\c@section=\count80
\c@subsection=\count81
\c@subsubsection=\count82
\c@paragraph=\count83
\c@subparagraph=\count84
\c@figure=\count85
\c@table=\count86
\abovecaptionskip=\skip41
\belowcaptionskip=\skip42
\bibindent=\dimen102
)
("C:\Program Files\MiKTeX 2.9\tex\latex\preprint\fullpage.sty"
Package: fullpage 1999/02/23 1.1 (PWD)
\FP@margin=\skip43
)
("C:\Program Files\MiKTeX 2.9\tex\latex\amsmath\amsmath.sty"
Package: amsmath 2013/01/14 v2.14 AMS math features
\@mathmargin=\skip44

For additional information on amsmath, use the `?' option.
("C:\Program Files\MiKTeX 2.9\tex\latex\amsmath\amstext.sty"
Package: amstext 2000/06/29 v2.01

("C:\Program Files\MiKTeX 2.9\tex\latex\amsmath\amsgen.sty"
File: amsgen.sty 1999/11/30 v2.0
\@emptytoks=\toks14
\ex@=\dimen103
))
("C:\Program Files\MiKTeX 2.9\tex\latex\amsmath\amsbsy.sty"
Package: amsbsy 1999/11/29 v1.2d
\pmbraise@=\dimen104
)
("C:\Program Files\MiKTeX 2.9\tex\latex\amsmath\amsopn.sty"
Package: amsopn 1999/12/14 v2.01 operator names
)
\inf@bad=\count87
LaTeX Info: Redefining \frac on input line 210.
\uproot@=\count88
\leftroot@=\count89
LaTeX Info: Redefining \overline on input line 306.
\classnum@=\count90
\DOTSCASE@=\count91
LaTeX Info: Redefining \ldots on input line 378.
LaTeX Info: Redefining \dots on input line 381.
LaTeX Info: Redefining \cdots on input line 466.
\Mathstrutbox@=\box26
\strutbox@=\box27
\big@size=\dimen105
LaTeX Font Info:    Redeclaring font encoding OML on input line 566.
LaTeX Font Info:    Redeclaring font encoding OMS on input line 567.
\macc@depth=\count92
\c@MaxMatrixCols=\count93
\dotsspace@=\muskip10
\c@parentequation=\count94
\dspbrk@lvl=\count95
\tag@help=\toks15
\row@=\count96
\column@=\count97
\maxfields@=\count98
\andhelp@=\toks16
\eqnshift@=\dimen106
\alignsep@=\dimen107
\tagshift@=\dimen108
\tagwidth@=\dimen109
\totwidth@=\dimen110
\lineht@=\dimen111
\@envbody=\toks17
\multlinegap=\skip45
\multlinetaggap=\skip46
\mathdisplay@stack=\toks18
LaTeX Info: Redefining \[ on input line 2665.
LaTeX Info: Redefining \] on input line 2666.
)
("C:\Program Files\MiKTeX 2.9\tex\latex\amsfonts\amssymb.sty"
Package: amssymb 2013/01/14 v3.01 AMS font symbols

("C:\Program Files\MiKTeX 2.9\tex\latex\amsfonts\amsfonts.sty"
Package: amsfonts 2013/01/14 v3.01 Basic AMSFonts support
\symAMSa=\mathgroup4
\symAMSb=\mathgroup5
LaTeX Font Info:    Overwriting math alphabet `\mathfrak' in version `bold'
(Font)                  U/euf/m/n --> U/euf/b/n on input line 106.
))
("C:\Program Files\MiKTeX 2.9\tex\latex\tools\array.sty"
Package: array 2008/09/09 v2.4c Tabular extension package (FMi)
\col@sep=\dimen112
\extrarowheight=\dimen113
\NC@list=\toks19
\extratabsurround=\skip47
\backup@length=\skip48
)
("C:\Program Files\MiKTeX 2.9\tex\latex\booktabs\booktabs.sty"
Package: booktabs 2005/04/14 v1.61803 publication quality tables
\heavyrulewidth=\dimen114
\lightrulewidth=\dimen115
\cmidrulewidth=\dimen116
\belowrulesep=\dimen117
\belowbottomsep=\dimen118
\aboverulesep=\dimen119
\abovetopsep=\dimen120
\cmidrulesep=\dimen121
\cmidrulekern=\dimen122
\defaultaddspace=\dimen123
\@cmidla=\count99
\@cmidlb=\count100
\@aboverulesep=\dimen124
\@belowrulesep=\dimen125
\@thisruleclass=\count101
\@lastruleclass=\count102
\@thisrulewidth=\dimen126
)
("C:\Program Files\MiKTeX 2.9\tex\latex\graphics\graphicx.sty"
Package: graphicx 1999/02/16 v1.0f Enhanced LaTeX Graphics (DPC,SPQR)

("C:\Program Files\MiKTeX 2.9\tex\latex\graphics\keyval.sty"
Package: keyval 1999/03/16 v1.13 key=value parser (DPC)
\KV@toks@=\toks20
)
("C:\Program Files\MiKTeX 2.9\tex\latex\graphics\graphics.sty"
Package: graphics 2009/02/05 v1.0o Standard LaTeX Graphics (DPC,SPQR)

("C:\Program Files\MiKTeX 2.9\tex\latex\graphics\trig.sty"
Package: trig 1999/03/16 v1.09 sin cos tan (DPC)
)
("C:\Program Files\MiKTeX 2.9\tex\latex\00miktex\graphics.cfg"
File: graphics.cfg 2007/01/18 v1.5 graphics configuration of teTeX/TeXLive
)
Package graphics Info: Driver file: pdftex.def on input line 91.

("C:\Program Files\MiKTeX 2.9\tex\latex\pdftex-def\pdftex.def"
File: pdftex.def 2011/05/27 v0.06d Graphics/color for pdfTeX

("C:\Program Files\MiKTeX 2.9\tex\generic\oberdiek\infwarerr.sty"
Package: infwarerr 2010/04/08 v1.3 Providing info/warning/error messages (HO)
)
("C:\Program Files\MiKTeX 2.9\tex\generic\oberdiek\ltxcmds.sty"
Package: ltxcmds 2011/11/09 v1.22 LaTeX kernel commands for general use (HO)
)
\Gread@gobject=\count103
))
\Gin@req@height=\dimen127
\Gin@req@width=\dimen128
)
("C:\Program Files\MiKTeX 2.9\tex\latex\comment\comment.sty"
\CommentStream=\write3

Excluding comment 'comment')
("C:\Program Files\MiKTeX 2.9\tex\latex\caption\caption.sty"
Package: caption 2013/05/02 v3.3-89 Customizing captions (AR)

("C:\Program Files\MiKTeX 2.9\tex\latex\caption\caption3.sty"
Package: caption3 2013/05/02 v1.6-88 caption3 kernel (AR)
Package caption3 Info: TeX engine: e-TeX on input line 57.
\captionmargin=\dimen129
\captionmargin@=\dimen130
\captionwidth=\dimen131
\caption@tempdima=\dimen132
\caption@indent=\dimen133
\caption@parindent=\dimen134
\caption@hangindent=\dimen135
)
\c@ContinuedFloat=\count104
)
("C:\Program Files\MiKTeX 2.9\tex\latex\caption\subcaption.sty"
Package: subcaption 2013/02/03 v1.1-62 Sub-captions (AR)
\c@subfigure=\count105
\c@subtable=\count106
)
("C:\Program Files\MiKTeX 2.9\tex\latex\amscls\amsthm.sty"
Package: amsthm 2004/08/06 v2.20
\thm@style=\toks21
\thm@bodyfont=\toks22
\thm@headfont=\toks23
\thm@notefont=\toks24
\thm@headpunct=\toks25
\thm@preskip=\skip49
\thm@postskip=\skip50
\thm@headsep=\skip51
\dth@everypar=\toks26
)
("C:\Program Files\MiKTeX 2.9\tex\latex\float\float.sty"
Package: float 2001/11/08 v1.3d Float enhancements (AL)
\c@float@type=\count107
\float@exts=\toks27
\float@box=\box28
\@float@everytoks=\toks28
\@floatcapt=\box29
)
("C:\Program Files\MiKTeX 2.9\tex\latex\tools\bm.sty"
Package: bm 2004/02/26 v1.1c Bold Symbol Support (DPC/FMi)
\symboldoperators=\mathgroup6
\symboldletters=\mathgroup7
\symboldsymbols=\mathgroup8
LaTeX Font Info:    Redeclaring math alphabet \mathbf on input line 138.
LaTeX Info: Redefining \bm on input line 204.
)
("C:\Program Files\MiKTeX 2.9\tex\latex\setspace\setspace.sty"
Package: setspace 2011/12/19 v6.7a set line spacing
)
("C:\Program Files\MiKTeX 2.9\tex\latex\sectsty\sectsty.sty"
Package: sectsty 2002/02/25 v2.0.2 Commands to change all sectional heading sty
les
)
("C:\Program Files\MiKTeX 2.9\tex\latex\tocloft\tocloft.sty"
Package: tocloft 2013/05/02 v2.3f parameterised ToC, etc., typesetting
Package tocloft Info: The document has section divisions on input line 44.
\cftparskip=\skip52
\cftbeforetoctitleskip=\skip53
\cftaftertoctitleskip=\skip54
\cftbeforepartskip=\skip55
\cftpartnumwidth=\skip56
\cftpartindent=\skip57
\cftbeforesecskip=\skip58
\cftsecindent=\skip59
\cftsecnumwidth=\skip60
\cftbeforesubsecskip=\skip61
\cftsubsecindent=\skip62
\cftsubsecnumwidth=\skip63
\cftbeforesubsubsecskip=\skip64
\cftsubsubsecindent=\skip65
\cftsubsubsecnumwidth=\skip66
\cftbeforeparaskip=\skip67
\cftparaindent=\skip68
\cftparanumwidth=\skip69
\cftbeforesubparaskip=\skip70
\cftsubparaindent=\skip71
\cftsubparanumwidth=\skip72
\cftbeforeloftitleskip=\skip73
\cftafterloftitleskip=\skip74
\cftbeforefigskip=\skip75
\cftfigindent=\skip76
\cftfignumwidth=\skip77
\c@lofdepth=\count108
\c@lotdepth=\count109
\cftbeforelottitleskip=\skip78
\cftafterlottitleskip=\skip79
\cftbeforetabskip=\skip80
\cfttabindent=\skip81
\cfttabnumwidth=\skip82
)
("C:\Program Files\MiKTeX 2.9\tex\latex\appendix\appendix.sty"
Package: appendix 2009/09/02 v1.2b extra appendix facilities
\c@@pps=\count110
\c@@ppsavesec=\count111
\c@@ppsaveapp=\count112
)
("C:\Program Files\MiKTeX 2.9\tex\latex\fancyhdr\fancyhdr.sty"
\fancy@headwidth=\skip83
\f@ncyO@elh=\skip84
\f@ncyO@erh=\skip85
\f@ncyO@olh=\skip86
\f@ncyO@orh=\skip87
\f@ncyO@elf=\skip88
\f@ncyO@erf=\skip89
\f@ncyO@olf=\skip90
\f@ncyO@orf=\skip91
)
("C:\Program Files\MiKTeX 2.9\tex\latex\natbib\natbib.sty"
Package: natbib 2010/09/13 8.31b (PWD, AO)
\bibhang=\skip92
\bibsep=\skip93
LaTeX Info: Redefining \cite on input line 694.
\c@NAT@ctr=\count113
)
("C:\Program Files\MiKTeX 2.9\tex\latex\mh\mathtools.sty"
Package: mathtools 2013/02/12 v1.13 mathematical typesetting tools

("C:\Program Files\MiKTeX 2.9\tex\latex\tools\calc.sty"
Package: calc 2007/08/22 v4.3 Infix arithmetic (KKT,FJ)
\calc@Acount=\count114
\calc@Bcount=\count115
\calc@Adimen=\dimen136
\calc@Bdimen=\dimen137
\calc@Askip=\skip94
\calc@Bskip=\skip95
LaTeX Info: Redefining \setlength on input line 76.
LaTeX Info: Redefining \addtolength on input line 77.
\calc@Ccount=\count116
\calc@Cskip=\skip96
)
("C:\Program Files\MiKTeX 2.9\tex\latex\mh\mhsetup.sty"
Package: mhsetup 2010/01/21 v1.2a programming setup (MH)
)
LaTeX Info: Thecontrolsequence`\['isalreadyrobust on input line 129.
LaTeX Info: Thecontrolsequence`\]'isalreadyrobust on input line 129.
\g_MT_multlinerow_int=\count117
\l_MT_multwidth_dim=\dimen138
\origjot=\skip97
\l_MT_shortvdotswithinadjustabove_dim=\dimen139
\l_MT_shortvdotswithinadjustbelow_dim=\dimen140
\l_MT_above_intertext_sep=\dimen141
\l_MT_below_intertext_sep=\dimen142
\l_MT_above_shortintertext_sep=\dimen143
\l_MT_below_shortintertext_sep=\dimen144
)
("C:\Program Files\MiKTeX 2.9\tex\latex\url\url.sty"
\Urlmuskip=\muskip11
Package: url 2013/09/16  ver 3.4  Verb mode for urls, etc.
)
("C:\Program Files\MiKTeX 2.9\tex\latex\multirow\multirow.sty"
\bigstrutjot=\dimen145
)
("C:\Program Files\MiKTeX 2.9\tex\latex\chngcntr\chngcntr.sty"
Package: chngcntr 2009/09/02 v1.0a change counter resetting
)
("C:\Program Files\MiKTeX 2.9\tex\latex\titlesec\titlesec.sty"
Package: titlesec 2011/12/15 v2.10.0 Sectioning titles
\ttl@box=\box30
\beforetitleunit=\skip98
\aftertitleunit=\skip99
\ttl@plus=\dimen146
\ttl@minus=\dimen147
\ttl@toksa=\toks29
\titlewidth=\dimen148
\titlewidthlast=\dimen149
\titlewidthfirst=\dimen150
)
(C:\Users\Natawut\Documents\uic\MachineLearning\Project\Final\Main.aux)
LaTeX Font Info:    Checking defaults for OML/cmm/m/it on input line 34.
LaTeX Font Info:    ... okay on input line 34.
LaTeX Font Info:    Checking defaults for T1/cmr/m/n on input line 34.
LaTeX Font Info:    ... okay on input line 34.
LaTeX Font Info:    Checking defaults for OT1/cmr/m/n on input line 34.
LaTeX Font Info:    ... okay on input line 34.
LaTeX Font Info:    Checking defaults for OMS/cmsy/m/n on input line 34.
LaTeX Font Info:    ... okay on input line 34.
LaTeX Font Info:    Checking defaults for OMX/cmex/m/n on input line 34.
LaTeX Font Info:    ... okay on input line 34.
LaTeX Font Info:    Checking defaults for U/cmr/m/n on input line 34.
LaTeX Font Info:    ... okay on input line 34.

("C:\Program Files\MiKTeX 2.9\tex\context\base\supp-pdf.mkii"
[Loading MPS to PDF converter (version 2006.09.02).]
\scratchcounter=\count118
\scratchdimen=\dimen151
\scratchbox=\box31
\nofMPsegments=\count119
\nofMParguments=\count120
\everyMPshowfont=\toks30
\MPscratchCnt=\count121
\MPscratchDim=\dimen152
\MPnumerator=\count122
\makeMPintoPDFobject=\count123
\everyMPtoPDFconversion=\toks31
)
Package caption Info: Begin \AtBeginDocument code.
Package caption Info: float package is loaded.
Package caption Info: End \AtBeginDocument code.
 (C:\Users\Natawut\Documents\uic\MachineLearning\Project\Final\Title.tex
LaTeX Font Info:    Try loading font information for U+msa on input line 14.

("C:\Program Files\MiKTeX 2.9\tex\latex\amsfonts\umsa.fd"
File: umsa.fd 2013/01/14 v3.01 AMS symbols A
)
LaTeX Font Info:    Try loading font information for U+msb on input line 14.

("C:\Program Files\MiKTeX 2.9\tex\latex\amsfonts\umsb.fd"
File: umsb.fd 2013/01/14 v3.01 AMS symbols B
)
Excluding 'comment' comment. [1

{C:/Users/Natawut/AppData/Local/MiKTeX/2.9/pdftex/config/pdftex.map}])
(C:\Users\Natawut\Documents\uic\MachineLearning\Project\Final\Main.toc)
\tf@toc=\write4

[1] (C:\Users\Natawut\Documents\uic\MachineLearning\Project\Final\Intro.tex)
(C:\Users\Natawut\Documents\uic\MachineLearning\Project\Final\Methods.tex
[2]
LaTeX Font Info:    Try loading font information for OMS+cmr on input line 12.
 ("C:\Program Files\MiKTeX 2.9\tex\latex\base\omscmr.fd"
File: omscmr.fd 1999/05/25 v2.5h Standard LaTeX font definitions
)
LaTeX Font Info:    Font shape `OMS/cmr/m/n' in size <10> not available
(Font)              Font shape `OMS/cmsy/m/n' tried instead on input line 12.
 [3] [4])
(C:\Users\Natawut\Documents\uic\MachineLearning\Project\Final\Evaluation.tex
[5]) (C:\Users\Natawut\Documents\uic\MachineLearning\Project\Final\Results.tex
[6] <compaccuracy.png, id=31, 589.0005pt x 444.4605pt>
File: compaccuracy.png Graphic file (type png)
 <use compaccuracy.png>
Package pdftex.def Info: compaccuracy.png used on input line 8.
(pdftex.def)             Requested size: 294.49953pt x 222.2297pt.

[7 <C:/Users/Natawut/Documents/uic/MachineLearning/Project/Final/compaccuracy.p
ng>] <ab_predict.png, id=37, 589.0005pt x 444.4605pt>
File: ab_predict.png Graphic file (type png)
 <use ab_predict.png>
Package pdftex.def Info: ab_predict.png used on input line 19.
(pdftex.def)             Requested size: 294.49953pt x 222.2297pt.

[8 <C:/Users/Natawut/Documents/uic/MachineLearning/Project/Final/ab_predict.png
>] <compexaccuracy.png, id=43, 589.0005pt x 444.4605pt>
File: compexaccuracy.png Graphic file (type png)

<use compexaccuracy.png>
Package pdftex.def Info: compexaccuracy.png used on input line 41.
(pdftex.def)             Requested size: 223.82251pt x 168.89674pt.
 <compbinaccuracy.png, id=44, 589.0005pt x 444.4605pt>
File: compbinaccuracy.png Graphic file (type png)

<use compbinaccuracy.png>
Package pdftex.def Info: compbinaccuracy.png used on input line 42.
(pdftex.def)             Requested size: 223.82251pt x 168.89674pt.
 <compoffbyone.png, id=45, 589.0005pt x 444.4605pt>
File: compoffbyone.png Graphic file (type png)

<use compoffbyone.png>
Package pdftex.def Info: compoffbyone.png used on input line 51.
(pdftex.def)             Requested size: 294.49953pt x 222.2297pt.


LaTeX Warning: `!h' float specifier changed to `!ht'.

) (C:\Users\Natawut\Documents\uic\MachineLearning\Project\Final\Conclusion.tex)
(C:\Users\Natawut\Documents\uic\MachineLearning\Project\Final\Main.bbl [9 <C:/U
sers/Natawut/Documents/uic/MachineLearning/Project/Final/compexaccuracy.png> <C
:/Users/Natawut/Documents/uic/MachineLearning/Project/Final/compbinaccuracy.png
>]
Underfull \hbox (badness 10000) in paragraph at lines 12--17
[]\OT1/cmr/m/sc/10 Digital Strat-egy Con-sult-ing Ltd.  \OT1/cmr/m/n/10 On-line
 re-view habits: Week-
 []


Underfull \hbox (badness 10000) in paragraph at lines 12--17
\OT1/cmr/m/n/10 day pur-chases get bet-ter feed-back.  $\OT1/cmtt/m/n/10 http :
 / / www . netimperative . com / 2015 / 03 /$
 []

Missing character: There is no â in font cmti10!
Missing character: There is no € in font cmti10!
Missing character: There is no ™ in font cmti10!
[10 <C:/Users/Natawut/Documents/uic/MachineLearning/Project/Final/compoffbyone.
png>]) [11]
(C:\Users\Natawut\Documents\uic\MachineLearning\Project\Final\Main.aux) ) 
Here is how much of TeX's memory you used:
 5392 strings out of 493921
 78105 string characters out of 3147275
 142251 words of memory out of 3000000
 8574 multiletter control sequences out of 15000+200000
 10723 words of font info for 40 fonts, out of 3000000 for 9000
 841 hyphenation exceptions out of 8191
 36i,8n,43p,1713b,338s stack positions out of 5000i,500n,10000p,200000b,50000s
<C:/Pr
ogram Files/MiKTeX 2.9/fonts/type1/public/amsfonts/cm/cmbx10.pfb><C:/Program Fi
les/MiKTeX 2.9/fonts/type1/public/amsfonts/cm/cmbx12.pfb><C:/Program Files/MiKT
eX 2.9/fonts/type1/public/amsfonts/cm/cmcsc10.pfb><C:/Program Files/MiKTeX 2.9/
fonts/type1/public/amsfonts/cm/cmmi10.pfb><C:/Program Files/MiKTeX 2.9/fonts/ty
pe1/public/amsfonts/cm/cmr10.pfb><C:/Program Files/MiKTeX 2.9/fonts/type1/publi
c/amsfonts/cm/cmsy10.pfb><C:/Program Files/MiKTeX 2.9/fonts/type1/public/amsfon
ts/cm/cmti10.pfb><C:/Program Files/MiKTeX 2.9/fonts/type1/public/amsfonts/cm/cm
tt10.pfb>
Output written on Main.pdf (12 pages, 307217 bytes).
PDF statistics:
 84 PDF objects out of 1000 (max. 8388607)
 0 named destinations out of 1000 (max. 500000)
 26 words of extra memory for PDF output out of 10000 (max. 10000000)

